http://ubimix.com:3000
Wikicli started: 3000 (development)
[90mGET / [32m200 [90m6ms - 576[0m
[90mGET /css/main.css [36m304 [90m1ms[0m
[90mGET /components/requirejs/require.js [36m304 [90m1ms[0m
[90mGET /components/animate.css/animate.css [36m304 [90m0ms[0m
[90mGET /css/style.css [36m304 [90m1ms[0m
[90mGET /components/bootstrap/docs/assets/css/bootstrap.css [36m304 [90m1ms[0m
[90mGET /js/main.js [36m304 [90m1ms[0m
[90mGET /js/core/router.js [36m304 [90m0ms[0m
[90mGET /js/core/client.js [36m304 [90m0ms[0m
[90mGET /components/underscore/underscore.js [36m304 [90m1ms[0m
[90mGET /components/jquery/jquery.js [36m304 [90m1ms[0m
[90mGET /js/core/viewManager.js [36m304 [90m2ms[0m
[90mGET /js/screens/home/app.js [36m304 [90m1ms[0m
[90mGET /js/screens/login/app.js [36m304 [90m0ms[0m
[90mGET /js/screens/search/app.js [36m304 [90m1ms[0m
[90mGET /js/screens/workspace/app.js [36m304 [90m0ms[0m
[90mGET /js/screens/compare/app.js [36m304 [90m0ms[0m
[90mGET /js/screens/history/app.js [36m304 [90m1ms[0m
[90mGET /js/screens/resource/app.js [36m304 [90m1ms[0m
[90mGET /js/screens/version/app.js [36m304 [90m0ms[0m
[90mGET /components/backbone/backbone.js [36m304 [90m0ms[0m
[90mGET /js/core/transition.js [36m304 [90m0ms[0m
[90mGET /js/screens/login/view.js [36m304 [90m0ms[0m
[90mGET /js/screens/compare/view.js [36m304 [90m0ms[0m
[90mGET /js/screens/search/view.js [36m304 [90m0ms[0m
[90mGET /js/screens/home/view.js [36m304 [90m0ms[0m
[90mGET /js/screens/collections/ResourceCollection.js [36m304 [90m1ms[0m
[90mGET /js/screens/workspace/views/main.js [36m304 [90m1ms[0m
[90mGET /js/screens/models/Resource.js [36m304 [90m1ms[0m
[90mGET /js/screens/history/view.js [36m304 [90m0ms[0m
[90mGET /js/screens/resource/view.js [36m304 [90m0ms[0m
[90mGET /js/screens/version/view.js [36m304 [90m1ms[0m
[90mGET /components/diff-match-patch/diff_match_patch.js [36m304 [90m0ms[0m
[90mGET /components/requirejs-text/text.js [36m304 [90m1ms[0m
[90mGET /js/screens/workspace/views/resourcelist.js [36m304 [90m1ms[0m
[90mGET /components/bootstrap/js/bootstrap-modal.js [36m304 [90m0ms[0m
[90mGET /components/momentjs/moment.js [36m304 [90m1ms[0m
[90mGET /js/screens/search/view.html [36m304 [90m0ms[0m
[90mGET /js/screens/home/view.html [36m304 [90m1ms[0m
[90mGET /js/screens/history/view.html [36m304 [90m0ms[0m
[90mGET /js/screens/compare/view.html [36m304 [90m0ms[0m
[90mGET /js/screens/login/view.html [36m304 [90m1ms[0m
[90mGET /js/screens/resource/view.html [36m304 [90m0ms[0m
[90mGET /js/screens/version/view.html [36m304 [90m0ms[0m
[90mGET /js/screens/workspace/views/resourcerow.js [36m304 [90m0ms[0m
[90mGET /js/screens/workspace/views/resourcelist.html [36m304 [90m0ms[0m
[90mGET /js/screens/workspace/views/resourcerow.html [36m304 [90m0ms[0m
[90mGET /api/resources [32m200 [90m44ms - 726.77kb[0m
[90mGET /api/resources/incubateur-de-linstitut-de-la-vision [32m200 [90m1ms - 904[0m
[90mGET /api/resources/incubateur-de-linstitut-de-la-vision/history [32m200 [90m0ms - 964[0m
[90mGET /api/resources/incubateur-de-linstitut-de-la-vision [32m200 [90m0ms - 904[0m
[90mGET /api/resources [36m304 [90m21ms[0m
[90mGET /api/resources/le-petit-fablab-de-paris [32m200 [90m1ms - 984[0m
[90mGET /api/resources/le-petit-fablab-de-paris/history [32m200 [90m0ms - 1.02kb[0m
[90mGET /api/resources/le-petit-fablab-de-paris [32m200 [90m0ms - 984[0m
[90mGET /api/resources [36m304 [90m36ms[0m
[90mGET /api/resources/dieter-hougan [32m200 [90m1ms - 742[0m
[90mGET /api/resources/dieter-hougan/history [32m200 [90m2ms - 804[0m
[90mGET /api/resources/dieter-hougan [32m200 [90m0ms - 742[0m
[90mGET /api/resources [36m304 [90m20ms[0m
[90mGET /api/resources/bonjourbonjour [32m200 [90m1ms - 888[0m
[90mGET /api/resources/bonjourbonjour/history [32m200 [90m0ms - 952[0m
[90mGET /api/resources/bonjourbonjour [32m200 [90m1ms - 888[0m
Updating resource: bonjourbonjour
[90mPUT /api/resources/bonjourbonjour [32m200 [90m8ms - 956[0m
[90mGET /api/resources/bonjourbonjour/history [32m200 [90m1ms - 1.93kb[0m
[90mGET /api/resources/bonjourbonjour/history/59ec8460-1eea-11e3-b134-27c6b688e8e5 [32m200 [90m1ms - 956[0m
[90mGET /api/resources/bonjourbonjour/history/3b3004d1-1eea-11e3-b134-27c6b688e8e5 [32m200 [90m1ms - 888[0m
[90mGET /api/resources/bonjourbonjour [32m200 [90m0ms - 956[0m
[90mGET /api/resources [32m200 [90m23ms - 726.84kb[0m
[90mGET / [32m200 [90m1ms - 576[0m
[90mGET /css/main.css [32m200 [90m1ms - 151[0m
[90mGET /components/requirejs/require.js [32m200 [90m64ms - 80.69kb[0m
[90mGET /components/bootstrap/docs/assets/css/bootstrap.css [32m200 [90m33ms - 124.37kb[0m
[90mGET /css/style.css [32m200 [90m1ms - 200[0m
[90mGET /components/animate.css/animate.css [32m200 [90m90ms - 61.88kb[0m
[90mGET /js/main.js [32m200 [90m1ms - 1.75kb[0m
[90mGET /js/core/router.js [32m200 [90m1ms - 2.37kb[0m
[90mGET /js/core/client.js [32m200 [90m2ms - 926[0m
[90mGET /js/core/viewManager.js [32m200 [90m1ms - 1.04kb[0m
[90mGET /js/screens/home/app.js [32m200 [90m1ms - 227[0m
[90mGET /components/underscore/underscore.js [32m200 [90m34ms - 40.45kb[0m
[90mGET /js/screens/login/app.js [32m200 [90m1ms - 211[0m
[90mGET /js/screens/search/app.js [32m200 [90m0ms - 215[0m
[90mGET /components/jquery/jquery.js [32m200 [90m169ms - 236.47kb[0m
[90mGET /js/screens/workspace/app.js [32m200 [90m0ms - 612[0m
[90mGET /js/screens/compare/app.js [32m200 [90m1ms - 695[0m
[90mGET /js/screens/history/app.js [32m200 [90m0ms - 755[0m
[90mGET /js/screens/resource/app.js [32m200 [90m0ms - 716[0m
[90mGET /js/screens/version/app.js [32m200 [90m2ms - 614[0m
[90mGET /components/backbone/backbone.js [32m200 [90m1ms - 58.1kb[0m
[90mGET /js/core/transition.js [32m200 [90m2ms - 372[0m
[90mGET /js/screens/home/view.js [32m200 [90m1ms - 314[0m
[90mGET /js/screens/login/view.js [32m200 [90m0ms - 314[0m
[90mGET /js/screens/search/view.js [32m200 [90m0ms - 332[0m
[90mGET /js/screens/collections/ResourceCollection.js [32m200 [90m1ms - 222[0m
[90mGET /js/screens/workspace/views/main.js [32m200 [90m0ms - 609[0m
[90mGET /js/screens/compare/view.js [32m200 [90m0ms - 863[0m
[90mGET /js/screens/models/Resource.js [32m200 [90m1ms - 921[0m
[90mGET /js/screens/resource/view.js [32m200 [90m1ms - 3.48kb[0m
[90mGET /js/screens/version/view.js [32m200 [90m1ms - 967[0m
[90mGET /components/requirejs-text/text.js [32m200 [90m1ms - 15.1kb[0m
[90mGET /js/screens/workspace/views/resourcelist.js [32m200 [90m1ms - 1.52kb[0m
[90mGET /components/bootstrap/js/bootstrap-modal.js [32m200 [90m0ms - 6.49kb[0m
[90mGET /js/screens/home/view.html [32m200 [90m1ms - 23[0m
[90mGET /js/screens/search/view.html [32m200 [90m1ms - 102[0m
[90mGET /js/screens/resource/view.html [32m200 [90m1ms - 1.69kb[0m
[90mGET /js/screens/history/view.js [32m200 [90m1ms - 2.36kb[0m
[90mGET /js/screens/compare/view.html [32m200 [90m0ms - 275[0m
[90mGET /components/diff-match-patch/diff_match_patch.js [32m200 [90m2ms - 18.74kb[0m
[90mGET /js/screens/workspace/views/resourcerow.js [32m200 [90m1ms - 472[0m
[90mGET /js/screens/workspace/views/resourcelist.html [32m200 [90m0ms - 1019[0m
[90mGET /js/screens/login/view.html [32m200 [90m1ms - 543[0m
[90mGET /js/screens/history/view.html [32m200 [90m1ms - 899[0m
[90mGET /components/momentjs/moment.js [32m200 [90m60ms - 55.41kb[0m
[90mGET /js/screens/version/view.html [32m200 [90m0ms - 1.05kb[0m
[90mGET /js/screens/workspace/views/resourcerow.html [32m200 [90m0ms - 227[0m
[90mGET /api/resources [32m200 [90m33ms - 726.84kb[0m
[90mGET /api/resources [36m304 [90m21ms[0m
[90mGET /api/resources [36m304 [90m31ms[0m
[90mGET /api/resources/www.civilized.fr [32m200 [90m1ms - 781[0m
Updating resource: www.civilized.fr
[90mPUT /api/resources/www.civilized.fr [32m200 [90m1ms - 847[0m
[90mGET /api/resources/www.civilized.fr/history [32m200 [90m1ms - 1.71kb[0m
[90mGET /api/resources/www.civilized.fr/history [36m304 [90m1ms[0m
[90mGET /api/resources/www.civilized.fr/history/5dfd18b0-1eec-11e3-b134-27c6b688e8e5 [32m200 [90m1ms - 847[0m
[90mGET /api/resources/www.civilized.fr/history/3b2ef35b-1eea-11e3-b134-27c6b688e8e5 [32m200 [90m1ms - 781[0m
[90mGET /api/resources/www.civilized.fr/history [36m304 [90m1ms[0m
[90mGET /api/resources [32m200 [90m23ms - 726.91kb[0m
[90mGET /api/resources [36m304 [90m32ms[0m
[90mGET /api/auth/google [36m302 [90m356ms - 2.29kb[0m
[90mGET /api/auth/google/return?openid.mode=cancel&openid.ns=http%3A%2F%2Fspecs.openid.net%2Fauth%2F2.0 [36m302 [90m1ms - 102[0m
[90mGET /login [32m200 [90m1ms - 576[0m
[90mGET /css/main.css [36m304 [90m1ms[0m
[90mGET /components/requirejs/require.js [36m304 [90m0ms[0m
[90mGET /components/bootstrap/docs/assets/css/bootstrap.css [36m304 [90m1ms[0m
[90mGET /components/animate.css/animate.css [36m304 [90m1ms[0m
[90mGET /css/style.css [36m304 [90m0ms[0m
[90mGET /js/main.js [36m304 [90m1ms[0m
[90mGET /js/core/router.js [36m304 [90m0ms[0m
[90mGET /js/core/client.js [36m304 [90m0ms[0m
[90mGET /components/underscore/underscore.js [36m304 [90m0ms[0m
[90mGET /components/jquery/jquery.js [36m304 [90m0ms[0m
[90mGET /js/core/viewManager.js [36m304 [90m1ms[0m
[90mGET /js/screens/home/app.js [36m304 [90m1ms[0m
[90mGET /js/screens/login/app.js [36m304 [90m0ms[0m
[90mGET /js/screens/search/app.js [36m304 [90m1ms[0m
[90mGET /js/screens/workspace/app.js [36m304 [90m1ms[0m
[90mGET /js/screens/compare/app.js [36m304 [90m0ms[0m
[90mGET /js/screens/history/app.js [36m304 [90m0ms[0m
[90mGET /js/screens/resource/app.js [36m304 [90m1ms[0m
[90mGET /js/screens/version/app.js [36m304 [90m0ms[0m
[90mGET /components/backbone/backbone.js [36m304 [90m1ms[0m
[90mGET /js/core/transition.js [36m304 [90m1ms[0m
[90mGET /js/screens/home/view.js [36m304 [90m0ms[0m
[90mGET /js/screens/login/view.js [36m304 [90m1ms[0m
[90mGET /js/screens/search/view.js [36m304 [90m1ms[0m
[90mGET /js/screens/collections/ResourceCollection.js [36m304 [90m0ms[0m
[90mGET /js/screens/workspace/views/main.js [36m304 [90m0ms[0m
[90mGET /js/screens/compare/view.js [36m304 [90m0ms[0m
[90mGET /js/screens/history/view.js [36m304 [90m0ms[0m
[90mGET /js/screens/models/Resource.js [36m304 [90m0ms[0m
[90mGET /js/screens/resource/view.js [36m304 [90m0ms[0m
[90mGET /js/screens/version/view.js [36m304 [90m1ms[0m
[90mGET /components/requirejs-text/text.js [36m304 [90m0ms[0m
[90mGET /js/screens/workspace/views/resourcelist.js [36m304 [90m0ms[0m
[90mGET /components/diff-match-patch/diff_match_patch.js [36m304 [90m0ms[0m
[90mGET /components/momentjs/moment.js [36m304 [90m0ms[0m
[90mGET /components/bootstrap/js/bootstrap-modal.js [36m304 [90m0ms[0m
[90mGET /js/screens/home/view.html [36m304 [90m0ms[0m
[90mGET /js/screens/login/view.html [36m304 [90m0ms[0m
[90mGET /js/screens/search/view.html [36m304 [90m0ms[0m
[90mGET /js/screens/compare/view.html [36m304 [90m1ms[0m
[90mGET /js/screens/history/view.html [36m304 [90m0ms[0m
[90mGET /js/screens/resource/view.html [36m304 [90m0ms[0m
[90mGET /js/screens/version/view.html [36m304 [90m0ms[0m
[90mGET /js/screens/workspace/views/resourcerow.js [36m304 [90m0ms[0m
[90mGET /js/screens/workspace/views/resourcelist.html [36m304 [90m0ms[0m
[90mGET /js/screens/workspace/views/resourcerow.html [36m304 [90m0ms[0m
[90mGET /api/auth/twitter [36m302 [90m532ms - 252[0m
[90mGET /api/auth/twitter/return?denied=7RV02xfojKhdNRidVysRCz2jsNoopYuQnf0W9M725H0 [36m302 [90m1ms - 102[0m
[90mGET /login [32m200 [90m0ms - 576[0m
[90mGET /css/main.css [36m304 [90m1ms[0m
[90mGET /components/requirejs/require.js [36m304 [90m1ms[0m
[90mGET /components/bootstrap/docs/assets/css/bootstrap.css [36m304 [90m0ms[0m
[90mGET /components/animate.css/animate.css [36m304 [90m0ms[0m
[90mGET /css/style.css [36m304 [90m1ms[0m
[90mGET /js/main.js [36m304 [90m0ms[0m
[90mGET /js/core/router.js [36m304 [90m1ms[0m
[90mGET /js/core/client.js [36m304 [90m1ms[0m
[90mGET /components/underscore/underscore.js [36m304 [90m0ms[0m
[90mGET /components/jquery/jquery.js [36m304 [90m0ms[0m
[90mGET /js/core/viewManager.js [36m304 [90m0ms[0m
[90mGET /js/screens/login/app.js [36m304 [90m0ms[0m
[90mGET /js/screens/search/app.js [36m304 [90m0ms[0m
[90mGET /js/screens/home/app.js [36m304 [90m0ms[0m
[90mGET /js/screens/workspace/app.js [36m304 [90m0ms[0m
[90mGET /js/screens/compare/app.js [36m304 [90m0ms[0m
[90mGET /js/screens/history/app.js [36m304 [90m0ms[0m
[90mGET /js/screens/resource/app.js [36m304 [90m1ms[0m
[90mGET /js/screens/version/app.js [36m304 [90m1ms[0m
[90mGET /components/backbone/backbone.js [36m304 [90m1ms[0m
[90mGET /js/core/transition.js [36m304 [90m0ms[0m
[90mGET /js/screens/login/view.js [36m304 [90m0ms[0m
[90mGET /js/screens/search/view.js [36m304 [90m0ms[0m
[90mGET /js/screens/home/view.js [36m304 [90m0ms[0m
[90mGET /js/screens/collections/ResourceCollection.js [36m304 [90m1ms[0m
[90mGET /js/screens/workspace/views/main.js [36m304 [90m0ms[0m
[90mGET /js/screens/compare/view.js [36m304 [90m1ms[0m
[90mGET /js/screens/history/view.js [36m304 [90m0ms[0m
[90mGET /js/screens/models/Resource.js [36m304 [90m0ms[0m
[90mGET /js/screens/resource/view.js [36m304 [90m0ms[0m
[90mGET /js/screens/version/view.js [36m304 [90m1ms[0m
[90mGET /components/requirejs-text/text.js [36m304 [90m0ms[0m
[90mGET /js/screens/workspace/views/resourcelist.js [36m304 [90m0ms[0m
[90mGET /components/momentjs/moment.js [36m304 [90m0ms[0m
[90mGET /components/diff-match-patch/diff_match_patch.js [36m304 [90m0ms[0m
[90mGET /components/bootstrap/js/bootstrap-modal.js [36m304 [90m0ms[0m
[90mGET /js/screens/login/view.html [36m304 [90m0ms[0m
[90mGET /js/screens/search/view.html [36m304 [90m0ms[0m
[90mGET /js/screens/home/view.html [36m304 [90m1ms[0m
[90mGET /js/screens/compare/view.html [36m304 [90m0ms[0m
[90mGET /js/screens/history/view.html [36m304 [90m1ms[0m
[90mGET /js/screens/resource/view.html [36m304 [90m1ms[0m
[90mGET /js/screens/version/view.html [36m304 [90m0ms[0m
[90mGET /js/screens/workspace/views/resourcerow.js [36m304 [90m1ms[0m
[90mGET /js/screens/workspace/views/resourcelist.html [36m304 [90m0ms[0m
[90mGET /js/screens/workspace/views/resourcerow.html [36m304 [90m0ms[0m
[90mGET /api/auth/facebook [36m302 [90m0ms - 430[0m
[90mGET /api/resources [36m304 [90m33ms[0m
[90mGET /api/resources/sikanmar-interactive [32m200 [90m1ms - 956[0m
[90mGET /api/resources/sikanmar-interactive/history [32m200 [90m1ms - 1020[0m
[90mGET /api/resources/sikanmar-interactive/history [32m200 [90m2ms - 1020[0m
[90mGET /api/resources/sikanmar-interactive [32m200 [90m0ms - 956[0m
[90mGET /api/resources [36m304 [90m20ms[0m
[90mGET /geoitems/distinct/?field=properties.lieux.nom&sort=&skip=0&limit=100 [32m200 [90m1ms - 576[0m
[90mGET /geoitems/distinct/?field=properties.lieux.nom&sort=&skip=0&limit=100 [32m200 [90m1ms - 576[0m
[90mGET /robots.txt [32m200 [90m1ms - 576[0m
